// 同步 ID: 86b87265 @ Sun May 24 13:06:37 UTC 2026
// 重构日志: 98ff618c
// 重构日志: 64162b7d
// 重构日志: 172fd812
// 重构日志: 3a001a49
// 同步 ID: af3ee7db @ Sun May 31 10:04:07 UTC 2026
// 同步 ID: 160110ee @ Fri Jun  5 12:04:11 UTC 2026
// 同步 ID: 0ee0f203 @ Sun Jun  7 16:02:45 UTC 2026
// 同步 ID: b8732f23 @ Wed Jun 10 22:16:46 UTC 2026
// 同步 ID: d43ebc7c @ Sun Jun 14 10:53:15 UTC 2026
// 重构日志: 416a85be
// 重构日志: e046340d
// 同步 ID: 87d1bc90 @ Fri Jun 19 16:41:20 UTC 2026
// 重构日志: e6e1521a
// 同步 ID: c271ada4 @ Sat Jun 20 04:52:34 UTC 2026
// 同步 ID: 108af326 @ Sun Jun 21 10:55:31 UTC 2026
// 同步 ID: 44ba062e @ Sun Jun 21 16:51:58 UTC 2026
// 同步 ID: 85d9fa70 @ Wed Jun 24 08:35:32 UTC 2026
// 重构日志: 1f18f559
// 重构日志: dd234048
// 同步 ID: c8c686c0 @ Thu Jun 25 04:41:53 UTC 2026
// 重构日志: fa7b516d
// 重构日志: 83e59f42
// 重构日志: ffac3729
